{"message":"Connecting to MongoDB client...","level":"info"}
{"message":"Seed Data","level":"info"}
{"message":"Server start listening port: 3001","level":"info"}
{"message":"Error occurred while connecting to mongodb: MongoNetworkError: failed to connect to server [localhost:27017] on first connect [Error: connect ECONNREFUSED 127.0.0.1:27017\n    at TCPConnectWrap.afterConnect [as oncomplete] (net.js:1141:16) {\n  name: 'MongoNetworkError',\n  [Symbol(mongoErrorContextSymbol)]: {}\n}]","level":"error"}
{"message":"Connecting to MongoDB client...","level":"info"}
{"message":"Seed Data","level":"info"}
{"message":"Server start listening port: 3001","level":"info"}
{"message":"MongoDB client has been successfully created","level":"info"}
{"message":"Seed Data","level":"info"}
{"message":"Seed Users Done","level":"info"}
{"level":"error"}
{"message":"Connecting to MongoDB client...","level":"info"}
{"message":"Seed Data","level":"info"}
{"error":{},"level":"error","message":"uncaughtException: contactController is not defined\nReferenceError: contactController is not defined\n    at Object.<anonymous> (C:\\projects\\Light Bundle\\backend\\src\\app.js:83:36)\n    at Module._compile (internal/modules/cjs/loader.js:1138:30)\n    at Object.Module._extensions..js (internal/modules/cjs/loader.js:1158:10)\n    at Module.load (internal/modules/cjs/loader.js:986:32)\n    at Function.Module._load (internal/modules/cjs/loader.js:879:14)\n    at Function.executeUserEntryPoint [as runMain] (internal/modules/run_main.js:71:12)\n    at internal/main/run_main_module.js:17:47","stack":"ReferenceError: contactController is not defined\n    at Object.<anonymous> (C:\\projects\\Light Bundle\\backend\\src\\app.js:83:36)\n    at Module._compile (internal/modules/cjs/loader.js:1138:30)\n    at Object.Module._extensions..js (internal/modules/cjs/loader.js:1158:10)\n    at Module.load (internal/modules/cjs/loader.js:986:32)\n    at Function.Module._load (internal/modules/cjs/loader.js:879:14)\n    at Function.executeUserEntryPoint [as runMain] (internal/modules/run_main.js:71:12)\n    at internal/main/run_main_module.js:17:47","exception":true,"date":"Sat Aug 15 2020 16:25:52 GMT+0530 (India Standard Time)","process":{"pid":29128,"uid":null,"gid":null,"cwd":"C:\\projects\\Light Bundle\\backend","execPath":"C:\\Program Files\\nodejs\\node.exe","version":"v12.18.2","argv":["C:\\Program Files\\nodejs\\node.exe","C:\\projects\\Light Bundle\\backend\\src\\app"],"memoryUsage":{"rss":49238016,"heapTotal":28925952,"heapUsed":14698672,"external":19811799,"arrayBuffers":18471589}},"os":{"loadavg":[0,0,0],"uptime":888563},"trace":[{"column":36,"file":"C:\\projects\\Light Bundle\\backend\\src\\app.js","function":null,"line":83,"method":null,"native":false},{"column":30,"file":"internal/modules/cjs/loader.js","function":"Module._compile","line":1138,"method":"_compile","native":false},{"column":10,"file":"internal/modules/cjs/loader.js","function":"Module._extensions..js","line":1158,"method":".js","native":false},{"column":32,"file":"internal/modules/cjs/loader.js","function":"Module.load","line":986,"method":"load","native":false},{"column":14,"file":"internal/modules/cjs/loader.js","function":"Module._load","line":879,"method":"_load","native":false},{"column":12,"file":"internal/modules/run_main.js","function":"Function.executeUserEntryPoint [as runMain]","line":71,"method":"executeUserEntryPoint [as runMain]","native":false},{"column":47,"file":"internal/main/run_main_module.js","function":null,"line":17,"method":null,"native":false}]}
{"message":"Connecting to MongoDB client...","level":"info"}
{"error":{"code":"MODULE_NOT_FOUND","requireStack":["C:\\projects\\Light Bundle\\backend\\src\\api\\common\\contacts\\contactController.js","C:\\projects\\Light Bundle\\backend\\src\\app.js"]},"level":"error","message":"uncaughtException: Cannot find module './userService'\nRequire stack:\n- C:\\projects\\Light Bundle\\backend\\src\\api\\common\\contacts\\contactController.js\n- C:\\projects\\Light Bundle\\backend\\src\\app.js\nError: Cannot find module './userService'\nRequire stack:\n- C:\\projects\\Light Bundle\\backend\\src\\api\\common\\contacts\\contactController.js\n- C:\\projects\\Light Bundle\\backend\\src\\app.js\n    at Function.Module._resolveFilename (internal/modules/cjs/loader.js:966:15)\n    at Function.Module._load (internal/modules/cjs/loader.js:842:27)\n    at Module.require (internal/modules/cjs/loader.js:1026:19)\n    at require (internal/modules/cjs/helpers.js:72:18)\n    at Object.<anonymous> (C:\\projects\\Light Bundle\\backend\\src\\api\\common\\contacts\\contactController.js:11:21)\n    at Module._compile (internal/modules/cjs/loader.js:1138:30)\n    at Object.Module._extensions..js (internal/modules/cjs/loader.js:1158:10)\n    at Module.load (internal/modules/cjs/loader.js:986:32)\n    at Function.Module._load (internal/modules/cjs/loader.js:879:14)\n    at Module.require (internal/modules/cjs/loader.js:1026:19)","stack":"Error: Cannot find module './userService'\nRequire stack:\n- C:\\projects\\Light Bundle\\backend\\src\\api\\common\\contacts\\contactController.js\n- C:\\projects\\Light Bundle\\backend\\src\\app.js\n    at Function.Module._resolveFilename (internal/modules/cjs/loader.js:966:15)\n    at Function.Module._load (internal/modules/cjs/loader.js:842:27)\n    at Module.require (internal/modules/cjs/loader.js:1026:19)\n    at require (internal/modules/cjs/helpers.js:72:18)\n    at Object.<anonymous> (C:\\projects\\Light Bundle\\backend\\src\\api\\common\\contacts\\contactController.js:11:21)\n    at Module._compile (internal/modules/cjs/loader.js:1138:30)\n    at Object.Module._extensions..js (internal/modules/cjs/loader.js:1158:10)\n    at Module.load (internal/modules/cjs/loader.js:986:32)\n    at Function.Module._load (internal/modules/cjs/loader.js:879:14)\n    at Module.require (internal/modules/cjs/loader.js:1026:19)","exception":true,"date":"Sat Aug 15 2020 16:29:20 GMT+0530 (India Standard Time)","process":{"pid":25748,"uid":null,"gid":null,"cwd":"C:\\projects\\Light Bundle\\backend","execPath":"C:\\Program Files\\nodejs\\node.exe","version":"v12.18.2","argv":["C:\\Program Files\\nodejs\\node.exe","C:\\projects\\Light Bundle\\backend\\src\\app"],"memoryUsage":{"rss":50016256,"heapTotal":28925952,"heapUsed":15216544,"external":19886121,"arrayBuffers":18545911}},"os":{"loadavg":[0,0,0],"uptime":888770},"trace":[{"column":15,"file":"internal/modules/cjs/loader.js","function":"Module._resolveFilename","line":966,"method":"_resolveFilename","native":false},{"column":27,"file":"internal/modules/cjs/loader.js","function":"Module._load","line":842,"method":"_load","native":false},{"column":19,"file":"internal/modules/cjs/loader.js","function":"Module.require","line":1026,"method":"require","native":false},{"column":18,"file":"internal/modules/cjs/helpers.js","function":"require","line":72,"method":null,"native":false},{"column":21,"file":"C:\\projects\\Light Bundle\\backend\\src\\api\\common\\contacts\\contactController.js","function":null,"line":11,"method":null,"native":false},{"column":30,"file":"internal/modules/cjs/loader.js","function":"Module._compile","line":1138,"method":"_compile","native":false},{"column":10,"file":"internal/modules/cjs/loader.js","function":"Module._extensions..js","line":1158,"method":".js","native":false},{"column":32,"file":"internal/modules/cjs/loader.js","function":"Module.load","line":986,"method":"load","native":false},{"column":14,"file":"internal/modules/cjs/loader.js","function":"Module._load","line":879,"method":"_load","native":false},{"column":19,"file":"internal/modules/cjs/loader.js","function":"Module.require","line":1026,"method":"require","native":false}]}
{"message":"Connecting to MongoDB client...","level":"info"}
{"error":{"code":"MODULE_NOT_FOUND","requireStack":["C:\\projects\\Light Bundle\\backend\\src\\api\\common\\contacts\\contactService.js","C:\\projects\\Light Bundle\\backend\\src\\api\\common\\contacts\\contactController.js","C:\\projects\\Light Bundle\\backend\\src\\app.js"]},"level":"error","message":"uncaughtException: Cannot find module './userRepository'\nRequire stack:\n- C:\\projects\\Light Bundle\\backend\\src\\api\\common\\contacts\\contactService.js\n- C:\\projects\\Light Bundle\\backend\\src\\api\\common\\contacts\\contactController.js\n- C:\\projects\\Light Bundle\\backend\\src\\app.js\nError: Cannot find module './userRepository'\nRequire stack:\n- C:\\projects\\Light Bundle\\backend\\src\\api\\common\\contacts\\contactService.js\n- C:\\projects\\Light Bundle\\backend\\src\\api\\common\\contacts\\contactController.js\n- C:\\projects\\Light Bundle\\backend\\src\\app.js\n    at Function.Module._resolveFilename (internal/modules/cjs/loader.js:966:15)\n    at Function.Module._load (internal/modules/cjs/loader.js:842:27)\n    at Module.require (internal/modules/cjs/loader.js:1026:19)\n    at require (internal/modules/cjs/helpers.js:72:18)\n    at Object.<anonymous> (C:\\projects\\Light Bundle\\backend\\src\\api\\common\\contacts\\contactService.js:10:24)\n    at Module._compile (internal/modules/cjs/loader.js:1138:30)\n    at Object.Module._extensions..js (internal/modules/cjs/loader.js:1158:10)\n    at Module.load (internal/modules/cjs/loader.js:986:32)\n    at Function.Module._load (internal/modules/cjs/loader.js:879:14)\n    at Module.require (internal/modules/cjs/loader.js:1026:19)","stack":"Error: Cannot find module './userRepository'\nRequire stack:\n- C:\\projects\\Light Bundle\\backend\\src\\api\\common\\contacts\\contactService.js\n- C:\\projects\\Light Bundle\\backend\\src\\api\\common\\contacts\\contactController.js\n- C:\\projects\\Light Bundle\\backend\\src\\app.js\n    at Function.Module._resolveFilename (internal/modules/cjs/loader.js:966:15)\n    at Function.Module._load (internal/modules/cjs/loader.js:842:27)\n    at Module.require (internal/modules/cjs/loader.js:1026:19)\n    at require (internal/modules/cjs/helpers.js:72:18)\n    at Object.<anonymous> (C:\\projects\\Light Bundle\\backend\\src\\api\\common\\contacts\\contactService.js:10:24)\n    at Module._compile (internal/modules/cjs/loader.js:1138:30)\n    at Object.Module._extensions..js (internal/modules/cjs/loader.js:1158:10)\n    at Module.load (internal/modules/cjs/loader.js:986:32)\n    at Function.Module._load (internal/modules/cjs/loader.js:879:14)\n    at Module.require (internal/modules/cjs/loader.js:1026:19)","exception":true,"date":"Sat Aug 15 2020 16:31:08 GMT+0530 (India Standard Time)","process":{"pid":16624,"uid":null,"gid":null,"cwd":"C:\\projects\\Light Bundle\\backend","execPath":"C:\\Program Files\\nodejs\\node.exe","version":"v12.18.2","argv":["C:\\Program Files\\nodejs\\node.exe","C:\\projects\\Light Bundle\\backend\\src\\app"],"memoryUsage":{"rss":49516544,"heapTotal":29188096,"heapUsed":14706576,"external":19852707,"arrayBuffers":18512497}},"os":{"loadavg":[0,0,0],"uptime":888878},"trace":[{"column":15,"file":"internal/modules/cjs/loader.js","function":"Module._resolveFilename","line":966,"method":"_resolveFilename","native":false},{"column":27,"file":"internal/modules/cjs/loader.js","function":"Module._load","line":842,"method":"_load","native":false},{"column":19,"file":"internal/modules/cjs/loader.js","function":"Module.require","line":1026,"method":"require","native":false},{"column":18,"file":"internal/modules/cjs/helpers.js","function":"require","line":72,"method":null,"native":false},{"column":24,"file":"C:\\projects\\Light Bundle\\backend\\src\\api\\common\\contacts\\contactService.js","function":null,"line":10,"method":null,"native":false},{"column":30,"file":"internal/modules/cjs/loader.js","function":"Module._compile","line":1138,"method":"_compile","native":false},{"column":10,"file":"internal/modules/cjs/loader.js","function":"Module._extensions..js","line":1158,"method":".js","native":false},{"column":32,"file":"internal/modules/cjs/loader.js","function":"Module.load","line":986,"method":"load","native":false},{"column":14,"file":"internal/modules/cjs/loader.js","function":"Module._load","line":879,"method":"_load","native":false},{"column":19,"file":"internal/modules/cjs/loader.js","function":"Module.require","line":1026,"method":"require","native":false}]}
{"message":"Connecting to MongoDB client...","level":"info"}
{"message":"Seed Data","level":"info"}
{"message":"Server start listening port: 3001","level":"info"}
{"message":"MongoDB client has been successfully created","level":"info"}
{"message":"Connecting to MongoDB client...","level":"info"}
{"message":"Seed Data","level":"info"}
{"message":"Server start listening port: 3001","level":"info"}
{"message":"MongoDB client has been successfully created","level":"info"}
{"message":"Connecting to MongoDB client...","level":"info"}
{"message":"Seed Data","level":"info"}
{"message":"Server start listening port: 3001","level":"info"}
{"message":"MongoDB client has been successfully created","level":"info"}
{"message":"Connecting to MongoDB client...","level":"info"}
{"message":"Seed Data","level":"info"}
{"message":"Server start listening port: 3001","level":"info"}
{"message":"MongoDB client has been successfully created","level":"info"}
{"message":"Connecting to MongoDB client...","level":"info"}
{"message":"Seed Data","level":"info"}
{"message":"Server start listening port: 3001","level":"info"}
{"message":"MongoDB client has been successfully created","level":"info"}
{"message":"Connecting to MongoDB client...","level":"info"}
{"message":"Seed Data","level":"info"}
{"message":"Server start listening port: 3001","level":"info"}
{"message":"MongoDB client has been successfully created","level":"info"}
{"level":"error"}
{"message":"Connecting to MongoDB client...","level":"info"}
{"message":"Seed Data","level":"info"}
{"message":"Server start listening port: 3001","level":"info"}
{"message":"MongoDB client has been successfully created","level":"info"}
{"level":"error"}
{"level":"error"}
{"level":"error"}
{"level":"error"}
{"level":"error"}
{"message":"Connecting to MongoDB client...","level":"info"}
{"message":"Seed Data","level":"info"}
{"message":"Server start listening port: 3001","level":"info"}
{"message":"MongoDB client has been successfully created","level":"info"}
{"message":"Connecting to MongoDB client...","level":"info"}
{"message":"Seed Data","level":"info"}
{"message":"Server start listening port: 3001","level":"info"}
{"message":"MongoDB client has been successfully created","level":"info"}
{"message":"Connecting to MongoDB client...","level":"info"}
{"message":"Seed Data","level":"info"}
{"message":"Server start listening port: 3001","level":"info"}
{"message":"MongoDB client has been successfully created","level":"info"}
{"message":"Connecting to MongoDB client...","level":"info"}
{"message":"Seed Data","level":"info"}
{"message":"Server start listening port: 3001","level":"info"}
{"message":"MongoDB client has been successfully created","level":"info"}
{"message":"Connecting to MongoDB client...","level":"info"}
{"message":"Seed Data","level":"info"}
{"message":"Server start listening port: 3001","level":"info"}
{"message":"MongoDB client has been successfully created","level":"info"}
{"level":"error"}
{"message":"Connecting to MongoDB client...","level":"info"}
{"message":"Seed Data","level":"info"}
{"message":"Server start listening port: 3001","level":"info"}
{"message":"MongoDB client has been successfully created","level":"info"}
{"message":"Connecting to MongoDB client...","level":"info"}
{"message":"Seed Data","level":"info"}
{"error":{},"level":"error","message":"uncaughtException: accountController is not defined\nReferenceError: accountController is not defined\n    at Object.<anonymous> (C:\\projects\\Light Bundle\\backend\\src\\app.js:85:36)\n    at Module._compile (internal/modules/cjs/loader.js:1138:30)\n    at Object.Module._extensions..js (internal/modules/cjs/loader.js:1158:10)\n    at Module.load (internal/modules/cjs/loader.js:986:32)\n    at Function.Module._load (internal/modules/cjs/loader.js:879:14)\n    at Function.executeUserEntryPoint [as runMain] (internal/modules/run_main.js:71:12)\n    at internal/main/run_main_module.js:17:47","stack":"ReferenceError: accountController is not defined\n    at Object.<anonymous> (C:\\projects\\Light Bundle\\backend\\src\\app.js:85:36)\n    at Module._compile (internal/modules/cjs/loader.js:1138:30)\n    at Object.Module._extensions..js (internal/modules/cjs/loader.js:1158:10)\n    at Module.load (internal/modules/cjs/loader.js:986:32)\n    at Function.Module._load (internal/modules/cjs/loader.js:879:14)\n    at Function.executeUserEntryPoint [as runMain] (internal/modules/run_main.js:71:12)\n    at internal/main/run_main_module.js:17:47","exception":true,"date":"Sun Aug 16 2020 16:01:19 GMT+0530 (India Standard Time)","process":{"pid":14908,"uid":null,"gid":null,"cwd":"C:\\projects\\Light Bundle\\backend","execPath":"C:\\Program Files\\nodejs\\node.exe","version":"v12.18.2","argv":["C:\\Program Files\\nodejs\\node.exe","C:\\projects\\Light Bundle\\backend\\src\\app"],"memoryUsage":{"rss":50503680,"heapTotal":28925952,"heapUsed":15682184,"external":19906761,"arrayBuffers":18566551}},"os":{"loadavg":[0,0,0],"uptime":6252},"trace":[{"column":36,"file":"C:\\projects\\Light Bundle\\backend\\src\\app.js","function":null,"line":85,"method":null,"native":false},{"column":30,"file":"internal/modules/cjs/loader.js","function":"Module._compile","line":1138,"method":"_compile","native":false},{"column":10,"file":"internal/modules/cjs/loader.js","function":"Module._extensions..js","line":1158,"method":".js","native":false},{"column":32,"file":"internal/modules/cjs/loader.js","function":"Module.load","line":986,"method":"load","native":false},{"column":14,"file":"internal/modules/cjs/loader.js","function":"Module._load","line":879,"method":"_load","native":false},{"column":12,"file":"internal/modules/run_main.js","function":"Function.executeUserEntryPoint [as runMain]","line":71,"method":"executeUserEntryPoint [as runMain]","native":false},{"column":47,"file":"internal/main/run_main_module.js","function":null,"line":17,"method":null,"native":false}]}
{"message":"Connecting to MongoDB client...","level":"info"}
{"error":{"code":"MODULE_NOT_FOUND","requireStack":["C:\\projects\\Light Bundle\\backend\\src\\api\\common\\accounts\\accountController.js","C:\\projects\\Light Bundle\\backend\\src\\app.js"]},"level":"error","message":"uncaughtException: Cannot find module './contactService'\nRequire stack:\n- C:\\projects\\Light Bundle\\backend\\src\\api\\common\\accounts\\accountController.js\n- C:\\projects\\Light Bundle\\backend\\src\\app.js\nError: Cannot find module './contactService'\nRequire stack:\n- C:\\projects\\Light Bundle\\backend\\src\\api\\common\\accounts\\accountController.js\n- C:\\projects\\Light Bundle\\backend\\src\\app.js\n    at Function.Module._resolveFilename (internal/modules/cjs/loader.js:966:15)\n    at Function.Module._load (internal/modules/cjs/loader.js:842:27)\n    at Module.require (internal/modules/cjs/loader.js:1026:19)\n    at require (internal/modules/cjs/helpers.js:72:18)\n    at Object.<anonymous> (C:\\projects\\Light Bundle\\backend\\src\\api\\common\\accounts\\accountController.js:11:24)\n    at Module._compile (internal/modules/cjs/loader.js:1138:30)\n    at Object.Module._extensions..js (internal/modules/cjs/loader.js:1158:10)\n    at Module.load (internal/modules/cjs/loader.js:986:32)\n    at Function.Module._load (internal/modules/cjs/loader.js:879:14)\n    at Module.require (internal/modules/cjs/loader.js:1026:19)","stack":"Error: Cannot find module './contactService'\nRequire stack:\n- C:\\projects\\Light Bundle\\backend\\src\\api\\common\\accounts\\accountController.js\n- C:\\projects\\Light Bundle\\backend\\src\\app.js\n    at Function.Module._resolveFilename (internal/modules/cjs/loader.js:966:15)\n    at Function.Module._load (internal/modules/cjs/loader.js:842:27)\n    at Module.require (internal/modules/cjs/loader.js:1026:19)\n    at require (internal/modules/cjs/helpers.js:72:18)\n    at Object.<anonymous> (C:\\projects\\Light Bundle\\backend\\src\\api\\common\\accounts\\accountController.js:11:24)\n    at Module._compile (internal/modules/cjs/loader.js:1138:30)\n    at Object.Module._extensions..js (internal/modules/cjs/loader.js:1158:10)\n    at Module.load (internal/modules/cjs/loader.js:986:32)\n    at Function.Module._load (internal/modules/cjs/loader.js:879:14)\n    at Module.require (internal/modules/cjs/loader.js:1026:19)","exception":true,"date":"Sun Aug 16 2020 16:02:34 GMT+0530 (India Standard Time)","process":{"pid":15040,"uid":null,"gid":null,"cwd":"C:\\projects\\Light Bundle\\backend","execPath":"C:\\Program Files\\nodejs\\node.exe","version":"v12.18.2","argv":["C:\\Program Files\\nodejs\\node.exe","C:\\projects\\Light Bundle\\backend\\src\\app"],"memoryUsage":{"rss":50368512,"heapTotal":28925952,"heapUsed":15775072,"external":19910697,"arrayBuffers":18570487}},"os":{"loadavg":[0,0,0],"uptime":6328},"trace":[{"column":15,"file":"internal/modules/cjs/loader.js","function":"Module._resolveFilename","line":966,"method":"_resolveFilename","native":false},{"column":27,"file":"internal/modules/cjs/loader.js","function":"Module._load","line":842,"method":"_load","native":false},{"column":19,"file":"internal/modules/cjs/loader.js","function":"Module.require","line":1026,"method":"require","native":false},{"column":18,"file":"internal/modules/cjs/helpers.js","function":"require","line":72,"method":null,"native":false},{"column":24,"file":"C:\\projects\\Light Bundle\\backend\\src\\api\\common\\accounts\\accountController.js","function":null,"line":11,"method":null,"native":false},{"column":30,"file":"internal/modules/cjs/loader.js","function":"Module._compile","line":1138,"method":"_compile","native":false},{"column":10,"file":"internal/modules/cjs/loader.js","function":"Module._extensions..js","line":1158,"method":".js","native":false},{"column":32,"file":"internal/modules/cjs/loader.js","function":"Module.load","line":986,"method":"load","native":false},{"column":14,"file":"internal/modules/cjs/loader.js","function":"Module._load","line":879,"method":"_load","native":false},{"column":19,"file":"internal/modules/cjs/loader.js","function":"Module.require","line":1026,"method":"require","native":false}]}
{"message":"Connecting to MongoDB client...","level":"info"}
{"error":{"code":"MODULE_NOT_FOUND","requireStack":["C:\\projects\\Light Bundle\\backend\\src\\api\\common\\accounts\\accountService.js","C:\\projects\\Light Bundle\\backend\\src\\api\\common\\accounts\\accountController.js","C:\\projects\\Light Bundle\\backend\\src\\app.js"]},"level":"error","message":"uncaughtException: Cannot find module './contactRepository'\nRequire stack:\n- C:\\projects\\Light Bundle\\backend\\src\\api\\common\\accounts\\accountService.js\n- C:\\projects\\Light Bundle\\backend\\src\\api\\common\\accounts\\accountController.js\n- C:\\projects\\Light Bundle\\backend\\src\\app.js\nError: Cannot find module './contactRepository'\nRequire stack:\n- C:\\projects\\Light Bundle\\backend\\src\\api\\common\\accounts\\accountService.js\n- C:\\projects\\Light Bundle\\backend\\src\\api\\common\\accounts\\accountController.js\n- C:\\projects\\Light Bundle\\backend\\src\\app.js\n    at Function.Module._resolveFilename (internal/modules/cjs/loader.js:966:15)\n    at Function.Module._load (internal/modules/cjs/loader.js:842:27)\n    at Module.require (internal/modules/cjs/loader.js:1026:19)\n    at require (internal/modules/cjs/helpers.js:72:18)\n    at Object.<anonymous> (C:\\projects\\Light Bundle\\backend\\src\\api\\common\\accounts\\accountService.js:10:27)\n    at Module._compile (internal/modules/cjs/loader.js:1138:30)\n    at Object.Module._extensions..js (internal/modules/cjs/loader.js:1158:10)\n    at Module.load (internal/modules/cjs/loader.js:986:32)\n    at Function.Module._load (internal/modules/cjs/loader.js:879:14)\n    at Module.require (internal/modules/cjs/loader.js:1026:19)","stack":"Error: Cannot find module './contactRepository'\nRequire stack:\n- C:\\projects\\Light Bundle\\backend\\src\\api\\common\\accounts\\accountService.js\n- C:\\projects\\Light Bundle\\backend\\src\\api\\common\\accounts\\accountController.js\n- C:\\projects\\Light Bundle\\backend\\src\\app.js\n    at Function.Module._resolveFilename (internal/modules/cjs/loader.js:966:15)\n    at Function.Module._load (internal/modules/cjs/loader.js:842:27)\n    at Module.require (internal/modules/cjs/loader.js:1026:19)\n    at require (internal/modules/cjs/helpers.js:72:18)\n    at Object.<anonymous> (C:\\projects\\Light Bundle\\backend\\src\\api\\common\\accounts\\accountService.js:10:27)\n    at Module._compile (internal/modules/cjs/loader.js:1138:30)\n    at Object.Module._extensions..js (internal/modules/cjs/loader.js:1158:10)\n    at Module.load (internal/modules/cjs/loader.js:986:32)\n    at Function.Module._load (internal/modules/cjs/loader.js:879:14)\n    at Module.require (internal/modules/cjs/loader.js:1026:19)","exception":true,"date":"Sun Aug 16 2020 16:04:24 GMT+0530 (India Standard Time)","process":{"pid":3324,"uid":null,"gid":null,"cwd":"C:\\projects\\Light Bundle\\backend","execPath":"C:\\Program Files\\nodejs\\node.exe","version":"v12.18.2","argv":["C:\\Program Files\\nodejs\\node.exe","C:\\projects\\Light Bundle\\backend\\src\\app"],"memoryUsage":{"rss":50286592,"heapTotal":28663808,"heapUsed":15837528,"external":19918889,"arrayBuffers":18578679}},"os":{"loadavg":[0,0,0],"uptime":6437},"trace":[{"column":15,"file":"internal/modules/cjs/loader.js","function":"Module._resolveFilename","line":966,"method":"_resolveFilename","native":false},{"column":27,"file":"internal/modules/cjs/loader.js","function":"Module._load","line":842,"method":"_load","native":false},{"column":19,"file":"internal/modules/cjs/loader.js","function":"Module.require","line":1026,"method":"require","native":false},{"column":18,"file":"internal/modules/cjs/helpers.js","function":"require","line":72,"method":null,"native":false},{"column":27,"file":"C:\\projects\\Light Bundle\\backend\\src\\api\\common\\accounts\\accountService.js","function":null,"line":10,"method":null,"native":false},{"column":30,"file":"internal/modules/cjs/loader.js","function":"Module._compile","line":1138,"method":"_compile","native":false},{"column":10,"file":"internal/modules/cjs/loader.js","function":"Module._extensions..js","line":1158,"method":".js","native":false},{"column":32,"file":"internal/modules/cjs/loader.js","function":"Module.load","line":986,"method":"load","native":false},{"column":14,"file":"internal/modules/cjs/loader.js","function":"Module._load","line":879,"method":"_load","native":false},{"column":19,"file":"internal/modules/cjs/loader.js","function":"Module.require","line":1026,"method":"require","native":false}]}
{"message":"Connecting to MongoDB client...","level":"info"}
{"message":"Seed Data","level":"info"}
{"message":"Server start listening port: 3001","level":"info"}
{"message":"MongoDB client has been successfully created","level":"info"}
{"message":"Connecting to MongoDB client...","level":"info"}
{"message":"Seed Data","level":"info"}
{"message":"Server start listening port: 3001","level":"info"}
{"message":"MongoDB client has been successfully created","level":"info"}
{"level":"error"}
{"message":"Connecting to MongoDB client...","level":"info"}
{"message":"Seed Data","level":"info"}
{"message":"Server start listening port: 3001","level":"info"}
{"message":"MongoDB client has been successfully created","level":"info"}
